Time resolution is 1 ps
Operandos A: 00100100, B: 10000001
Resta 00100100 - 10000001
Respuesta correcta, resultado: 10100011
Operandos A: 01100011, B: 00001101
Sra 01100011 >>> 00001101
Respuesta correcta, resultado: 00000000
Operandos A: 01100101, B: 00010010
Resta 01100101 - 00010010
Respuesta correcta, resultado: 01010011
Operandos A: 00001101, B: 01110110
Sra 00001101 >>> 01110110
Respuesta correcta, resultado: 00000000
Operandos A: 11101101, B: 10001100
Resta 11101101 - 10001100
Respuesta correcta, resultado: 01100001
Operandos A: 11000110, B: 11000101
And 11000110 & 11000101
Respuesta correcta, resultado: 11000100
Operandos A: 11100101, B: 01110111
And 11100101 & 01110111
Respuesta correcta, resultado: 01100101
Operandos A: 10001111, B: 11110010
Srl 10001111 >> 11110010
Respuesta correcta, resultado: 00000000
Operandos A: 11101000, B: 11000101
Xor 11101000 ^ 11000101
Respuesta correcta, resultado: 00101101
Operandos A: 10111101, B: 00101101
Sra 10111101 >>> 00101101
Respuesta correcta, resultado: 00000000
Operandos A: 01100011, B: 00001010
Suma 01100011 + 00001010
Respuesta correcta, resultado: 01101101
Operandos A: 00100000, B: 10101010
Sra 00100000 >>> 10101010
Respuesta correcta, resultado: 00000000
Operandos A: 10010110, B: 00010011
Sra 10010110 >>> 00010011
Respuesta correcta, resultado: 00000000
Operandos A: 01010011, B: 01101011
Sra 01010011 >>> 01101011
Respuesta correcta, resultado: 00000000
Operandos A: 00000010, B: 10101110
Sra 00000010 >>> 10101110
Respuesta correcta, resultado: 00000000
Operandos A: 11001111, B: 00100011
And 11001111 & 00100011
Respuesta correcta, resultado: 00000011
Operandos A: 11001010, B: 00111100
And 11001010 & 00111100
Respuesta correcta, resultado: 00001000
Operandos A: 10001010, B: 01000001
Suma 10001010 + 01000001
Respuesta correcta, resultado: 11001011
Operandos A: 01111000, B: 10001001
Or 01111000 | 10001001
Respuesta correcta, resultado: 11111001
Operandos A: 10110110, B: 11000110
Srl 10110110 >> 11000110
Respuesta correcta, resultado: 00000000
$finish called at time : 1845 ns : File "D:/ALU/ALU.srcs/sim_1/new/tb_alu_random.v" Line 220
Operandos A: 00100100, B: 10000001
Resta 00100100 - 10000001
Respuesta correcta, resultado: 10100011
Operandos A: 01100011, B: 00001101
Sra 01100011 >>> 00001101
Respuesta correcta, resultado: 00000000
Operandos A: 01100101, B: 00010010
Resta 01100101 - 00010010
Respuesta correcta, resultado: 01010011
Operandos A: 00001101, B: 01110110
Sra 00001101 >>> 01110110
Respuesta correcta, resultado: 00000000
Operandos A: 11101101, B: 10001100
Resta 11101101 - 10001100
Respuesta correcta, resultado: 01100001
Operandos A: 11000110, B: 11000101
And 11000110 & 11000101
Respuesta correcta, resultado: 11000100
Operandos A: 11100101, B: 01110111
And 11100101 & 01110111
Respuesta correcta, resultado: 01100101
Operandos A: 10001111, B: 11110010
Srl 10001111 >> 11110010
Respuesta correcta, resultado: 00000000
Operandos A: 11101000, B: 11000101
Xor 11101000 ^ 11000101
Respuesta correcta, resultado: 00101101
Operandos A: 10111101, B: 00101101
Sra 10111101 >>> 00101101
Respuesta correcta, resultado: 00000000
Operandos A: 01100011, B: 00001010
Suma 01100011 + 00001010
Respuesta correcta, resultado: 01101101
Operandos A: 00100000, B: 10101010
Sra 00100000 >>> 10101010
Respuesta correcta, resultado: 00000000
Operandos A: 10010110, B: 00010011
Sra 10010110 >>> 00010011
Respuesta correcta, resultado: 00000000
Operandos A: 01010011, B: 01101011
Sra 01010011 >>> 01101011
Respuesta correcta, resultado: 00000000
Operandos A: 00000010, B: 10101110
Sra 00000010 >>> 10101110
Respuesta correcta, resultado: 00000000
Operandos A: 11001111, B: 00100011
And 11001111 & 00100011
Respuesta correcta, resultado: 00000011
Operandos A: 11001010, B: 00111100
And 11001010 & 00111100
Respuesta correcta, resultado: 00001000
Operandos A: 10001010, B: 01000001
Suma 10001010 + 01000001
Respuesta correcta, resultado: 11001011
Operandos A: 01111000, B: 10001001
Or 01111000 | 10001001
Respuesta correcta, resultado: 11111001
Operandos A: 10110110, B: 11000110
Srl 10110110 >> 11000110
Respuesta correcta, resultado: 00000000
$finish called at time : 1845 ns : File "D:/ALU/ALU.srcs/sim_1/new/tb_alu_random.v" Line 220
